[0501/210024.614:WARNING:angle_platform_impl.cc(48)] HLSLCompiler.cpp:257 (compileToBinary): 
C:\fakepath(102,1-6): warning X4000: use of potentially uninitialized variable (dyn_index_vec4_float4)

[0501/210024.715:WARNING:angle_platform_impl.cc(48)] HLSLCompiler.cpp:257 (compileToBinary): 
C:\fakepath(125,1): warning X4000: use of potentially uninitialized variable (f_mainImage)

[0501/210024.759:WARNING:angle_platform_impl.cc(48)] HLSLCompiler.cpp:257 (compileToBinary): 
C:\fakepath(135,1): warning X4000: use of potentially uninitialized variable (f_i)
C:\fakepath(137,1): warning X4000: use of potentially uninitialized variable (f_i)
C:\fakepath(173,1): warning X4000: use of potentially uninitialized variable (f_u)

[0501/210026.119:WARNING:angle_platform_impl.cc(48)] HLSLCompiler.cpp:257 (compileToBinary): 
C:\fakepath(165,1): warning X4000: use of potentially uninitialized variable (f_renderMipMapLevel)

[0501/210026.129:WARNING:angle_platform_impl.cc(48)] HLSLCompiler.cpp:257 (compileToBinary): 
C:\fakepath(165,1): warning X4000: use of potentially uninitialized variable (f_renderMipMapLevel)

[0501/210026.136:WARNING:angle_platform_impl.cc(48)] HLSLCompiler.cpp:257 (compileToBinary): 
C:\fakepath(165,1): warning X4000: use of potentially uninitialized variable (f_renderMipMapLevel)

[0501/210026.518:WARNING:angle_platform_impl.cc(48)] HLSLCompiler.cpp:257 (compileToBinary): 
C:\fakepath(381,10-38): warning X4008: floating point division by zero
C:\fakepath(381,10-38): warning X4008: floating point division by zero

[0501/210028.674:ERROR:angle_platform_impl.cc(43)] Renderer11.cpp:2135 (testDeviceLost): The D3D11 device was removed, HRESULT: 0x887A0006
[0501/210028.674:ERROR:gles2_cmd_decoder_passthrough.cc(1517)]   GLES2DecoderPassthroughImpl: Context reset detected after MakeCurrent.
[0501/210028.674:ERROR:gpu_service_impl.cc(1187)] Exiting GPU process because some drivers can't recover from errors. GPU process will restart shortly.
[0501/210028.828:WARNING:gpu_process_host.cc(1296)] The GPU process has crashed 1 time(s)
[0501/210029.236:WARNING:gpu_process_host.cc(1016)] Reinitialized the GPU process after a crash. The reported initialization time was 273 ms
[0501/210052.419:ERROR:command_buffer_proxy_impl.cc(121)] ContextResult::kTransientFailure: Failed to send GpuChannelMsg_CreateCommandBuffer.
[0501/210052.419:WARNING:ipc_message_attachment_set.cc(49)] MessageAttachmentSet destroyed with unconsumed attachments: 0/1
[0501/210057.093:WARNING:spdy_session.cc(3431)] Received HEADERS for invalid stream 207
[0501/210207.313:ERROR:gpu_init.cc(426)] Passthrough is not supported, GL is disabled
